
    ***********************************************************************
              Replicate a molecule or polymer chain (ReMoPo)
              ----------------------------------------------

                                Version 3.0

                              Dr. Javier Ramos
                      Macromolecular Physics Department
                Instituto de Estructura de la Materia (IEM-CSIC)
                               Madrid (Spain)

        ReMoPo is an open-source python library to quickly replicate a molecule
        from a pdb file containing the seed molecule. After that, the script assigns
        the force field parameters using the foyer library (https://mosdef.org/)
        This program generates GROMACS and LAMMPS files to run simulations.

        This software is distributed under the terms of the
        GNU General Public License v3.0 (GNU GPLv3). A copy of
        the license (LICENSE.txt) is included with this distribution.

    ***********************************************************************
        
		Start Job at 19-09-2022 12:58:55 ============

		Command line: 
			python replicate_polymer -p ../01-PREPARE/PE24iPP24_model_residues.pdb --images 1 1 1 --noh -f /home/jramos/Programacion/GITHUB_REPO_DIR/replicate_polymer_topology/forcefields/trappe-ua_PEToxvaerd.xml --impropers ../01-PREPARE/impropers.ndx
			         or
			replicate_polymer -p ../01-PREPARE/PE24iPP24_model_residues.pdb --images 1 1 1 --noh -f /home/jramos/Programacion/GITHUB_REPO_DIR/replicate_polymer_topology/forcefields/trappe-ua_PEToxvaerd.xml --impropers ../01-PREPARE/impropers.ndx


		Check resname and connect in the input file. (../01-PREPARE/PE24iPP24_model_residues.pdb)... (19-09-2022 12:58:55)

		Removing hydrogens in the pdb file of the seed molecules.(../01-PREPARE/PE24iPP24_model_residues.pdb)... (19-09-2022 12:58:55)
		Replicating and typing molecule (19-09-2022 12:58:55)
		********************************************************
		Loading seed structure from PE24iPP24_model_residues_noH.pdb (19-09-2022 12:58:55)
		Applying force field to the seed molecules PE24iPP24_model_residues_noH.pdb (19-09-2022 12:58:55)
		 Checking bonds    ... (verbose: False) (19-09-2022 12:58:55).
		 End checking bonds ... (verbose: False) (19-09-2022 12:58:55).
		 Checking angles    ... (verbose: False) (19-09-2022 12:58:55).
		 End checking angles ... (verbose: False) (19-09-2022 12:58:55).
		 Checking dihedrals    ... (verbose: False) (19-09-2022 12:58:55).
		 End dihedrals angles ... (verbose: False) (19-09-2022 12:58:55).
		------------------------------------------------------------------------------------
		WARN: Parameters have not been assigned to all impropers.
		Total system impropers: 72, Parameterized impropers: 0.
 		Note that if your system contains torsions of Ryckaert-Bellemans functional form,
		all of these torsions are processed as propers.
		This warn can be ignored if you are sure that impropers are not needed!!!!!
		------------------------------------------------------------------------------------

		Replicating molecules PE24iPP24_model_residues_noH.pdb (19-09-2022 12:58:55)

		Replicate a molecule or polymer chain (19-09-2022 12:58:55)
		***************************************************************
		Input file                  : PE24iPP24_model_residues_noH.pdb
		Number of molecules in cell : 3
		Number of chains in cell    : 1
		Number of bonds in cell     : 360
		Number of residues in cell  : 144
		Number of atoms in cell     : 363
		Simulation box dimension    : 4.3908 4.3908 4.3908 nm
		Simulation box angles       : 90.00 90.00 90.00 degrees
		Replicate the molecule 1x1x1 times
		***************************************************************

		Molecule replicated info (19-09-2022 12:58:55)
		*************************************************
		Number of molecules in cell : 3
		Number of chains in cell    : 1
		Number of residues in cell  : 144
		Number of atoms in cell     : 363
		Simulation box dimension    : 4.3908 4.3908 4.3908 nm
		Simulation box angles       : 90.00 90.00 90.00 degrees
		Mass density                : 0.0855 g/cm3
		*************************************************


		Removing TER labels in the pdb file of the seed molecules.(./PE24iPP24_model_residues_noH_replicate.pdb)... (19-09-2022 12:58:55)
		Inserting impropers in the topology file (19-09-2022 12:58:55)
			Inserting impropers from ../01-PREPARE/impropers.ndx ...
		Job  Done at 19-09-2022 12:58:55 ============

		Total time: 0.57 seconds
